Unexpected error: error: autentica’┐Į’┐Įo do tipo senha falhou para o usu’┐Įrio "admin"
    at C:\Projeto-ECM516-ECM252\node_modules\pg-pool\index.js:45:11
    at process.processTicksAndRejections (node:internal/process/task_queues:103:5)
    at async NodePgSession.transaction (C:\Projeto-ECM516-ECM252\node_modules\src\node-postgres\session.ts:254:24)
    at async createPost (C:\Projeto-ECM516-ECM252\back\communication-service\src\routes\posts\create\handler.ts:25:16)
    at async <anonymous> (C:\Projeto-ECM516-ECM252\back\communication-service\src\middlewares\routeWrapper.ts:28:22) {
  length: 110,
  severity: 'FATAL',
  code: '28P01',
  detail: undefined,
  hint: undefined,
  position: undefined,
  internalPosition: undefined,
  internalQuery: undefined,
  where: undefined,
  schema: undefined,
  table: undefined,
  column: undefined,
  dataType: undefined,
  constraint: undefined,
  file: 'auth.c',
  line: '320',
  routine: 'auth_failed'
}
